<?xml version="1.0" encoding="UTF-8"?>
<testng-results ignored="0" total="2" passed="2" failed="0" skipped="0">
  <reporter-output>
  </reporter-output>
  <suite started-at="2023-09-15T12:15:46 IST" name="Default suite" finished-at="2023-09-15T12:15:53 IST" duration-ms="6868">
    <groups>
    </groups>
    <test started-at="2023-09-15T12:15:46 IST" name="Default test" finished-at="2023-09-15T12:15:53 IST" duration-ms="6868">
      <class name="mvnpack.TestngOptn">
        <test-method signature="sampleMethodone()[pri:2, instance:mvnpack.TestngOptn@128d2484]" started-at="2023-09-15T12:15:46 IST" name="sampleMethodone" finished-at="2023-09-15T12:15:50 IST" duration-ms="4100" status="PASS">
          <reporter-output>
          </reporter-output>
        </test-method> <!-- sampleMethodone -->
        <test-method signature="sampleMethod()[pri:3, instance:mvnpack.TestngOptn@128d2484]" started-at="2023-09-15T12:15:50 IST" name="sampleMethod" finished-at="2023-09-15T12:15:53 IST" duration-ms="2727" status="PASS">
          <reporter-output>
          </reporter-output>
        </test-method> <!-- sampleMethod -->
      </class> <!-- mvnpack.TestngOptn -->
    </test> <!-- Default test -->
  </suite> <!-- Default suite -->
</testng-results>
